<?xml version="1.0" encoding="UTF-8"?>
<!-- Generated by org.testng.reporters.JUnitReportReporter -->
<testsuite skipped="0" hostname="DESKTOP-TK6NA9H" name="com.tests.IRCTC.Hello" tests="1" failures="0" timestamp="28 Aug 2020 14:58:50 GMT" time="0.032" errors="0">
  <testcase name="hello" time="0.032" classname="com.tests.IRCTC.Hello"/>
</testsuite> <!-- com.tests.IRCTC.Hello -->
